Arguments: 
  /Users/fei/.nvm/versions/node/v8.4.0/bin/node /usr/local/Cellar/yarn/1.5.1_1/libexec/bin/yarn.js add @utils/style --silent --no-progress

PATH: 
  /Users/fei/.nvm/versions/node/v8.4.0/lib/node_modules/npm/node_modules/npm-lifecycle/node-gyp-bin:/Users/fei/go/src/github.com/eshop/client/node_modules/.bin:/Users/fei/.nvm/versions/node/v8.4.0/lib/node_modules/npm/node_modules/npm-lifecycle/node-gyp-bin:/Users/fei/go/src/github.com/eshop/client/node_modules/.bin:/Users/fei/.cargo/bin:/Users/fei/anaconda3/bin:/usr/local/opt/sphinx-doc/bin:/Applications/Parity Ethereum.app/Contents/MacOS:/Users/fei/.nvm/versions/node/v8.4.0/bin:/opt/iOSOpenDev/bin:/opt/local/bin:/opt/local/sbin:/opt/local/bin:/opt/local/sbin:/opt/local/bin:/opt/local/sbin:/opt/local/bin:/opt/local/sbin:/Library/Frameworks/Python.framework/Versions/3.5/bin:/Users/fei/.cargo/bin:/Users/fei/.rvm/gems/ruby-2.2.1/bin:/Users/fei/.rvm/gems/ruby-2.2.1@global/bin:/Users/fei/.rvm/rubies/ruby-2.2.1/bin:/usr/local/bin:/usr/bin:/bin:/usr/sbin:/sbin:/opt/X11/bin:/Library/Frameworks/Mono.framework/Versions/Current/Commands:/Users/fei/.cargo/bin:/Users/fei/anaconda3/bin:/usr/local/opt/sphinx-doc/bin:/Applications/Parity Ethereum.app/Contents/MacOS:/opt/iOSOpenDev/bin:/opt/local/bin:/opt/local/sbin:/Library/Frameworks/Python.framework/Versions/3.5/bin:/Users/fei/.rvm/gems/ruby-2.2.1/bin:/Users/fei/.rvm/gems/ruby-2.2.1@global/bin:/Users/fei/.rvm/rubies/ruby-2.2.1/bin:/Users/fei/.rvm/bin:/Users/fei/go/bin:/Users/fei/.rvm/bin:/Users/fei/go/bin

Yarn version: 
  1.5.1

Node version: 
  8.4.0

Platform: 
  darwin x64

npm manifest: 
  {
    "name": "eshop",
    "version": "1.0.0",
    "private": true,
    "description": "电商小程序",
    "templateInfo": {
      "name": "wxcloud",
      "typescript": false,
      "css": "sass"
    },
    "scripts": {
      "build:weapp": "taro build --type weapp",
      "build:swan": "taro build --type swan",
      "build:alipay": "taro build --type alipay",
      "build:tt": "taro build --type tt",
      "build:h5": "taro build --type h5",
      "build:rn": "taro build --type rn",
      "dev:weapp": "npm run build:weapp -- --watch",
      "dev:swan": "npm run build:swan -- --watch",
      "dev:alipay": "npm run build:alipay -- --watch",
      "dev:tt": "npm run build:tt -- --watch",
      "dev:h5": "npm run build:h5 -- --watch",
      "dev:rn": "npm run build:rn -- --watch"
    },
    "author": "",
    "license": "MIT",
    "dependencies": {
      "@tarojs/async-await": "1.3.9",
      "@tarojs/cli": "1.3.9",
      "@tarojs/components": "1.3.9",
      "@tarojs/router": "1.3.9",
      "@tarojs/taro": "1.3.9",
      "@tarojs/taro-alipay": "1.3.9",
      "@tarojs/taro-h5": "1.3.9",
      "@tarojs/taro-swan": "1.3.9",
      "@tarojs/taro-tt": "1.3.9",
      "@tarojs/taro-weapp": "1.3.9",
      "classnames": "^2.2.6",
      "nerv-devtools": "^1.4.0",
      "nervjs": "^1.4.0"
    },
    "devDependencies": {
      "@types/react": "^16.4.6",
      "@types/webpack-env": "^1.13.6",
      "@tarojs/plugin-babel": "1.3.9",
      "@tarojs/plugin-csso": "1.3.9",
      "@tarojs/plugin-sass": "1.3.9",
      "@tarojs/plugin-uglifyjs": "1.3.9",
      "@tarojs/webpack-runner": "1.3.9",
      "babel-plugin-transform-class-properties": "^6.24.1",
      "babel-plugin-transform-decorators-legacy": "^1.3.4",
      "babel-plugin-transform-jsx-stylesheet": "^0.6.5",
      "babel-plugin-transform-object-rest-spread": "^6.26.0",
      "babel-preset-env": "^1.6.1",
      "babel-eslint": "^8.2.3",
      "eslint": "^4.19.1",
      "eslint-config-taro": "1.3.9",
      "eslint-plugin-react": "^7.8.2",
      "eslint-plugin-import": "^2.12.0",
      "eslint-plugin-taro": "1.3.9"
    }
  }

yarn manifest: 
  No manifest

Lockfile: 
  No lockfile

Trace: 
  Error: https://registry.npm.taobao.org/@utils%2fstyle: Not found
      at Request.params.callback [as _callback] (/usr/local/Cellar/yarn/1.5.1_1/libexec/lib/cli.js:65019:18)
      at Request.self.callback (/usr/local/Cellar/yarn/1.5.1_1/libexec/lib/cli.js:132430:22)
      at emitTwo (events.js:125:13)
      at Request.emit (events.js:213:7)
      at Request.<anonymous> (/usr/local/Cellar/yarn/1.5.1_1/libexec/lib/cli.js:133413:10)
      at emitOne (events.js:115:13)
      at Request.emit (events.js:210:7)
      at IncomingMessage.<anonymous> (/usr/local/Cellar/yarn/1.5.1_1/libexec/lib/cli.js:133333:12)
      at Object.onceWrapper (events.js:314:30)
      at emitNone (events.js:110:20)
